app/build/intermediates/manifest_merge_blame_file/debug/manifest-merger-blame-debug-report.txt
1<?xml version="1.0" encoding="utf-8"?>
2<manifest xmlns:android="http://schemas.android.com/apk/res/android"
3    package="com.example.mapdemo"
4    android:versionCode="1"
5    android:versionName="1.0" >
6
7    <uses-sdk
8        android:minSdkVersion="18"
8-->src/main/AndroidManifest.xml
9        android:targetSdkVersion="28" />
9-->src/main/AndroidManifest.xml
10
11    <permission
11-->src/main/AndroidManifest.xml:7:5-109
12        android:name="android.permission.ACCESS_FINE_LOCATION"
12-->src/main/AndroidManifest.xml:7:17-71
13        android:protectionLevel="dangerous" />
13-->src/main/AndroidManifest.xml:7:72-107
14    <permission
14-->src/main/AndroidManifest.xml:8:5-111
15        android:name="android.permission.ACCESS_COARSE_LOCATION"
15-->src/main/AndroidManifest.xml:8:17-73
16        android:protectionLevel="dangerous" />
16-->src/main/AndroidManifest.xml:8:74-109
17
18    <uses-permission android:name="android.permission.ACCESS_NETWORK_STATE" />
18-->src/main/AndroidManifest.xml:10:5-79
18-->src/main/AndroidManifest.xml:10:22-76
19    <uses-permission android:name="com.example.mapdemo.permission.MAPS_RECEIVE" />
19-->src/main/AndroidManifest.xml:11:5-83
19-->src/main/AndroidManifest.xml:11:22-80
20    <uses-permission android:name="android.permission.INTERNET" />
20-->src/main/AndroidManifest.xml:12:5-67
20-->src/main/AndroidManifest.xml:12:22-64
21    <uses-permission android:name="android.permission.ACCESS_FINE_LOCATION" />
21-->src/main/AndroidManifest.xml:13:5-78
21-->src/main/AndroidManifest.xml:13:22-76
22    <uses-permission android:name="android.permission.ACCESS_COARSE_LOCATION" />
22-->src/main/AndroidManifest.xml:14:5-80
22-->src/main/AndroidManifest.xml:14:22-78
23
24    <uses-feature
24-->src/main/AndroidManifest.xml:16:5-18:35
25        android:glEsVersion="0x00020000"
25-->src/main/AndroidManifest.xml:17:9-41
26        android:required="true" />
26-->src/main/AndroidManifest.xml:18:9-32
27
28    <application
28-->src/main/AndroidManifest.xml:20:5-48:19
29        android:allowBackup="true"
29-->src/main/AndroidManifest.xml:21:9-35
30        android:appComponentFactory="androidx.core.app.CoreComponentFactory"
30-->[androidx.core:core:1.1.0] AndroidManifest.xml:24:18-86
31        android:debuggable="true"
32        android:icon="@drawable/ic_launcher"
32-->src/main/AndroidManifest.xml:22:9-45
33        android:label="@string/app_name"
33-->src/main/AndroidManifest.xml:23:9-41
34        android:testOnly="true"
35        android:theme="@style/AppTheme" >
35-->src/main/AndroidManifest.xml:24:9-40
36
37        <!-- https://stackoverflow.com/a/50779232/961939 -->
38        <uses-library
38-->src/main/AndroidManifest.xml:27:9-88
39            android:name="org.apache.http.legacy"
39-->src/main/AndroidManifest.xml:27:23-60
40            android:required="false" />
40-->src/main/AndroidManifest.xml:27:61-85
41
42        <activity
42-->src/main/AndroidManifest.xml:29:9-37:20
43            android:name="com.example.mapdemo.MapDemoActivity"
43-->src/main/AndroidManifest.xml:30:13-63
44            android:label="@string/app_name" >
44-->src/main/AndroidManifest.xml:31:13-45
45            <intent-filter>
45-->src/main/AndroidManifest.xml:32:13-36:29
46                <action android:name="android.intent.action.MAIN" />
46-->src/main/AndroidManifest.xml:33:17-69
46-->src/main/AndroidManifest.xml:33:25-66
47
48                <category android:name="android.intent.category.LAUNCHER" />
48-->src/main/AndroidManifest.xml:35:17-77
48-->src/main/AndroidManifest.xml:35:27-74
49            </intent-filter>
50        </activity>
51
52        <uses-library
52-->src/main/AndroidManifest.xml:39:9-88
53            android:name="com.google.android.maps"
53-->src/main/AndroidManifest.xml:39:47-85
54            android:required="true" />
54-->src/main/AndroidManifest.xml:39:23-46
55
56        <meta-data
56-->src/main/AndroidManifest.xml:41:9-43:59
57            android:name="com.google.android.maps.v2.API_KEY"
57-->src/main/AndroidManifest.xml:42:13-62
58            android:value="@string/google_maps_api_key" />
58-->src/main/AndroidManifest.xml:43:13-56
59        <meta-data
59-->src/main/AndroidManifest.xml:45:9-47:69
60            android:name="com.google.android.gms.version"
60-->src/main/AndroidManifest.xml:46:13-58
61            android:value="@integer/google_play_services_version" />
61-->src/main/AndroidManifest.xml:47:13-66
62
63        <activity
63-->[com.google.android.gms:play-services-base:17.0.0] AndroidManifest.xml:23:9-26:75
64            android:name="com.google.android.gms.common.api.GoogleApiActivity"
64-->[com.google.android.gms:play-services-base:17.0.0] AndroidManifest.xml:24:13-79
65            android:exported="false"
65-->[com.google.android.gms:play-services-base:17.0.0] AndroidManifest.xml:25:13-37
66            android:theme="@android:style/Theme.Translucent.NoTitleBar" />
66-->[com.google.android.gms:play-services-base:17.0.0] AndroidManifest.xml:26:13-72
67    </application>
68
69</manifest>